<?xml version="1.0" encoding="UTF-8"?>
<coverage generated="1661329058174" clover="3.2.0">
  <project timestamp="1661329058174" name="All files">
    <metrics statements="85" coveredstatements="65" conditionals="68" coveredconditionals="34" methods="25" coveredmethods="17" elements="178" coveredelements="116" complexity="0" loc="85" ncloc="85" packages="8" files="10" classes="10"/>
    <package name="components">
      <metrics statements="4" coveredstatements="1" conditionals="6" coveredconditionals="0" methods="1" coveredmethods="0"/>
      <file name="Seo.js" path="D:\PROJEKTY\PersonalSite\PersonalSite\src\components\Seo.js">
        <metrics statements="4" coveredstatements="1" conditionals="6" coveredconditionals="0" methods="1" coveredmethods="0"/>
        <line num="5" count="3" type="stmt"/>
        <line num="12" count="0" type="stmt"/>
        <line num="13" count="0" type="stmt"/>
        <line num="20" count="0" type="stmt"/>
      </file>
    </package>
    <package name="components.Dots">
      <metrics statements="4" coveredstatements="4" conditionals="0" coveredconditionals="0" methods="1" coveredmethods="1"/>
      <file name="Dots.js" path="D:\PROJEKTY\PersonalSite\PersonalSite\src\components\Dots\Dots.js">
        <metrics statements="4" coveredstatements="4" conditionals="0" coveredconditionals="0" methods="1" coveredmethods="1"/>
        <line num="4" count="3" type="stmt"/>
        <line num="5" count="11" type="stmt"/>
        <line num="13" count="11" type="stmt"/>
        <line num="18" count="11" type="stmt"/>
      </file>
    </package>
    <package name="components.Header">
      <metrics statements="20" coveredstatements="12" conditionals="40" coveredconditionals="17" methods="5" coveredmethods="3"/>
      <file name="Header.js" path="D:\PROJEKTY\PersonalSite\PersonalSite\src\components\Header\Header.js">
        <metrics statements="20" coveredstatements="12" conditionals="40" coveredconditionals="17" methods="5" coveredmethods="3"/>
        <line num="8" count="5" type="stmt"/>
        <line num="9" count="16" type="stmt"/>
        <line num="11" count="16" type="stmt"/>
        <line num="12" count="16" type="stmt"/>
        <line num="14" count="16" type="stmt"/>
        <line num="15" count="0" type="cond" truecount="0" falsecount="2"/>
        <line num="16" count="0" type="stmt"/>
        <line num="18" count="0" type="stmt"/>
        <line num="22" count="16" type="stmt"/>
        <line num="23" count="0" type="cond" truecount="0" falsecount="2"/>
        <line num="24" count="0" type="cond" truecount="0" falsecount="2"/>
        <line num="25" count="0" type="stmt"/>
        <line num="27" count="0" type="stmt"/>
        <line num="30" count="0" type="stmt"/>
        <line num="34" count="16" type="stmt"/>
        <line num="35" count="16" type="cond" truecount="1" falsecount="1"/>
        <line num="36" count="16" type="stmt"/>
        <line num="38" count="16" type="stmt"/>
        <line num="39" count="16" type="stmt"/>
        <line num="46" count="16" type="stmt"/>
      </file>
    </package>
    <package name="components.Layout">
      <metrics statements="15" coveredstatements="9" conditionals="9" coveredconditionals="5" methods="3" coveredmethods="2"/>
      <file name="Layout.js" path="D:\PROJEKTY\PersonalSite\PersonalSite\src\components\Layout\Layout.js">
        <metrics statements="15" coveredstatements="9" conditionals="9" coveredconditionals="5" methods="3" coveredmethods="2"/>
        <line num="9" count="4" type="stmt"/>
        <line num="10" count="14" type="stmt"/>
        <line num="12" count="14" type="stmt"/>
        <line num="13" count="14" type="cond" truecount="1" falsecount="1"/>
        <line num="18" count="0" type="stmt"/>
        <line num="20" count="14" type="stmt"/>
        <line num="24" count="14" type="stmt"/>
        <line num="25" count="0" type="cond" truecount="0" falsecount="2"/>
        <line num="26" count="0" type="stmt"/>
        <line num="27" count="0" type="stmt"/>
        <line num="29" count="0" type="stmt"/>
        <line num="30" count="0" type="stmt"/>
        <line num="34" count="14" type="cond" truecount="1" falsecount="1"/>
        <line num="35" count="14" type="stmt"/>
        <line num="37" count="14" type="stmt"/>
      </file>
    </package>
    <package name="components.Typewriter">
      <metrics statements="20" coveredstatements="20" conditionals="11" coveredconditionals="11" methods="6" coveredmethods="6"/>
      <file name="Typewriter.js" path="D:\PROJEKTY\PersonalSite\PersonalSite\src\components\Typewriter\Typewriter.js">
        <metrics statements="20" coveredstatements="20" conditionals="11" coveredconditionals="11" methods="6" coveredmethods="6"/>
        <line num="5" count="2" type="cond" truecount="1" falsecount="0"/>
        <line num="6" count="39" type="stmt"/>
        <line num="8" count="39" type="stmt"/>
        <line num="9" count="18" type="stmt"/>
        <line num="10" count="18" type="stmt"/>
        <line num="11" count="18" type="stmt"/>
        <line num="13" count="18" type="stmt"/>
        <line num="14" count="19070" type="stmt"/>
        <line num="15" count="19070" type="cond" truecount="2" falsecount="0"/>
        <line num="16" count="3216" type="stmt"/>
        <line num="19" count="19070" type="cond" truecount="2" falsecount="0"/>
        <line num="20" count="3129" type="stmt"/>
        <line num="21" count="3129" type="cond" truecount="2" falsecount="0"/>
        <line num="22" count="250" type="cond" truecount="2" falsecount="0"/>
        <line num="23" count="250" type="stmt"/>
        <line num="24" count="250" type="stmt"/>
        <line num="25" count="250" type="stmt"/>
        <line num="28" count="2879" type="stmt"/>
        <line num="31" count="18" type="stmt"/>
        <line num="34" count="39" type="stmt"/>
      </file>
    </package>
    <package name="data">
      <metrics statements="1" coveredstatements="1" conditionals="0" coveredconditionals="0" methods="0" coveredmethods="0"/>
      <file name="stack.js" path="D:\PROJEKTY\PersonalSite\PersonalSite\src\data\stack.js">
        <metrics statements="1" coveredstatements="1" conditionals="0" coveredconditionals="0" methods="0" coveredmethods="0"/>
        <line num="32" count="1" type="stmt"/>
      </file>
    </package>
    <package name="hooks">
      <metrics statements="3" coveredstatements="1" conditionals="0" coveredconditionals="0" methods="1" coveredmethods="0"/>
      <file name="use-site-metadata.js" path="D:\PROJEKTY\PersonalSite\PersonalSite\src\hooks\use-site-metadata.js">
        <metrics statements="3" coveredstatements="1" conditionals="0" coveredconditionals="0" methods="1" coveredmethods="0"/>
        <line num="2" count="3" type="stmt"/>
        <line num="3" count="0" type="stmt"/>
        <line num="14" count="0" type="stmt"/>
      </file>
    </package>
    <package name="pages">
      <metrics statements="18" coveredstatements="17" conditionals="2" coveredconditionals="1" methods="8" coveredmethods="5"/>
      <file name="404.js" path="D:\PROJEKTY\PersonalSite\PersonalSite\src\pages\404.js">
        <metrics statements="3" coveredstatements="3" conditionals="0" coveredconditionals="0" methods="2" coveredmethods="1"/>
        <line num="6" count="1" type="stmt"/>
        <line num="7" count="4" type="stmt"/>
        <line num="31" count="1" type="stmt"/>
      </file>
      <file name="index.js" path="D:\PROJEKTY\PersonalSite\PersonalSite\src\pages\index.js">
        <metrics statements="4" coveredstatements="4" conditionals="0" coveredconditionals="0" methods="2" coveredmethods="1"/>
        <line num="9" count="1" type="stmt"/>
        <line num="10" count="4" type="stmt"/>
        <line num="18" count="4" type="stmt"/>
        <line num="43" count="1" type="stmt"/>
      </file>
      <file name="stack.js" path="D:\PROJEKTY\PersonalSite\PersonalSite\src\pages\stack.js">
        <metrics statements="11" coveredstatements="10" conditionals="2" coveredconditionals="1" methods="4" coveredmethods="3"/>
        <line num="7" count="1" type="stmt"/>
        <line num="8" count="4" type="stmt"/>
        <line num="9" count="4" type="stmt"/>
        <line num="10" count="116" type="stmt"/>
        <line num="11" count="116" type="stmt"/>
        <line num="14" count="4" type="stmt"/>
        <line num="17" count="4" type="cond" truecount="1" falsecount="1"/>
        <line num="19" count="4" type="stmt"/>
        <line num="29" count="120" type="stmt"/>
        <line num="50" count="1" type="stmt"/>
        <line num="51" count="0" type="stmt"/>
      </file>
    </package>
  </project>
</coverage>
