{"D:\\PROJEKTY\\PersonalSite\\PersonalSite\\src\\components\\Seo.js": {"path":"D:\\PROJEKTY\\PersonalSite\\PersonalSite\\src\\components\\Seo.js","statementMap":{"0":{"start":{"line":5,"column":19},"end":{"line":35,"column":1}},"1":{"start":{"line":12,"column":6},"end":{"line":12,"column":23}},"2":{"start":{"line":13,"column":14},"end":{"line":19,"column":3}},"3":{"start":{"line":20,"column":2},"end":{"line":34,"column":4}}},"fnMap":{"0":{"name":"(anonymous_0)","decl":{"start":{"line":5,"column":19},"end":{"line":5,"column":20}},"loc":{"start":{"line":5,"column":67},"end":{"line":35,"column":1}},"line":5}},"branchMap":{"0":{"loc":{"start":{"line":14,"column":11},"end":{"line":14,"column":32}},"type":"binary-expr","locations":[{"start":{"line":14,"column":11},"end":{"line":14,"column":16}},{"start":{"line":14,"column":20},"end":{"line":14,"column":32}}],"line":14},"1":{"loc":{"start":{"line":15,"column":17},"end":{"line":15,"column":50}},"type":"binary-expr","locations":[{"start":{"line":15,"column":17},"end":{"line":15,"column":28}},{"start":{"line":15,"column":32},"end":{"line":15,"column":50}}],"line":15},"2":{"loc":{"start":{"line":17,"column":22},"end":{"line":17,"column":36}},"type":"binary-expr","locations":[{"start":{"line":17,"column":22},"end":{"line":17,"column":30}},{"start":{"line":17,"column":34},"end":{"line":17,"column":36}}],"line":17}},"s":{"0":3,"1":0,"2":0,"3":0},"f":{"0":0},"b":{"0":[0,0],"1":[0,0],"2":[0,0]},"_coverageSchema":"1a1c01bbd47fc00a2c39e90264f33305004495a9","hash":"bfd2ca19f777ac02550be4f9028b4bf8cbef741a"}
,"D:\\PROJEKTY\\PersonalSite\\PersonalSite\\src\\components\\Dots\\Dots.js": {"path":"D:\\PROJEKTY\\PersonalSite\\PersonalSite\\src\\components\\Dots\\Dots.js","statementMap":{"0":{"start":{"line":4,"column":20},"end":{"line":10972,"column":1}},"1":{"start":{"line":5,"column":28},"end":{"line":11,"column":3}},"2":{"start":{"line":13,"column":32},"end":{"line":16,"column":3}},"3":{"start":{"line":18,"column":2},"end":{"line":10971,"column":4}}},"fnMap":{"0":{"name":"(anonymous_0)","decl":{"start":{"line":4,"column":20},"end":{"line":4,"column":21}},"loc":{"start":{"line":4,"column":26},"end":{"line":10972,"column":1}},"line":4}},"branchMap":{},"s":{"0":3,"1":11,"2":11,"3":11},"f":{"0":11},"b":{},"_coverageSchema":"1a1c01bbd47fc00a2c39e90264f33305004495a9","hash":"2dce479567bedafa7c4e7769a0347d9676a50465"}
,"D:\\PROJEKTY\\PersonalSite\\PersonalSite\\src\\components\\Header\\Header.js": {"path":"D:\\PROJEKTY\\PersonalSite\\PersonalSite\\src\\components\\Header\\Header.js","statementMap":{"0":{"start":{"line":8,"column":22},"end":{"line":369,"column":1}},"1":{"start":{"line":9,"column":38},"end":{"line":9,"column":53}},"2":{"start":{"line":11,"column":26},"end":{"line":11,"column":40}},"3":{"start":{"line":12,"column":40},"end":{"line":12,"column":51}},"4":{"start":{"line":14,"column":26},"end":{"line":20,"column":3}},"5":{"start":{"line":15,"column":4},"end":{"line":19,"column":5}},"6":{"start":{"line":16,"column":6},"end":{"line":16,"column":27}},"7":{"start":{"line":18,"column":6},"end":{"line":18,"column":26}},"8":{"start":{"line":22,"column":24},"end":{"line":32,"column":3}},"9":{"start":{"line":23,"column":4},"end":{"line":31,"column":5}},"10":{"start":{"line":24,"column":6},"end":{"line":28,"column":7}},"11":{"start":{"line":25,"column":8},"end":{"line":25,"column":23}},"12":{"start":{"line":27,"column":8},"end":{"line":27,"column":22}},"13":{"start":{"line":30,"column":6},"end":{"line":30,"column":37}},"14":{"start":{"line":34,"column":2},"end":{"line":44,"column":20}},"15":{"start":{"line":35,"column":4},"end":{"line":41,"column":5}},"16":{"start":{"line":36,"column":6},"end":{"line":36,"column":55}},"17":{"start":{"line":38,"column":6},"end":{"line":40,"column":8}},"18":{"start":{"line":39,"column":8},"end":{"line":39,"column":60}},"19":{"start":{"line":46,"column":2},"end":{"line":368,"column":4}}},"fnMap":{"0":{"name":"(anonymous_0)","decl":{"start":{"line":8,"column":22},"end":{"line":8,"column":23}},"loc":{"start":{"line":8,"column":61},"end":{"line":369,"column":1}},"line":8},"1":{"name":"(anonymous_1)","decl":{"start":{"line":14,"column":26},"end":{"line":14,"column":27}},"loc":{"start":{"line":14,"column":32},"end":{"line":20,"column":3}},"line":14},"2":{"name":"(anonymous_2)","decl":{"start":{"line":22,"column":24},"end":{"line":22,"column":25}},"loc":{"start":{"line":22,"column":30},"end":{"line":32,"column":3}},"line":22},"3":{"name":"(anonymous_3)","decl":{"start":{"line":34,"column":12},"end":{"line":34,"column":13}},"loc":{"start":{"line":34,"column":18},"end":{"line":44,"column":3}},"line":34},"4":{"name":"(anonymous_4)","decl":{"start":{"line":38,"column":13},"end":{"line":38,"column":14}},"loc":{"start":{"line":38,"column":19},"end":{"line":40,"column":7}},"line":38}},"branchMap":{"0":{"loc":{"start":{"line":15,"column":4},"end":{"line":19,"column":5}},"type":"if","locations":[{"start":{"line":15,"column":4},"end":{"line":19,"column":5}},{"start":{"line":17,"column":11},"end":{"line":19,"column":5}}],"line":15},"1":{"loc":{"start":{"line":23,"column":4},"end":{"line":31,"column":5}},"type":"if","locations":[{"start":{"line":23,"column":4},"end":{"line":31,"column":5}},{"start":{},"end":{}}],"line":23},"2":{"loc":{"start":{"line":24,"column":6},"end":{"line":28,"column":7}},"type":"if","locations":[{"start":{"line":24,"column":6},"end":{"line":28,"column":7}},{"start":{"line":26,"column":13},"end":{"line":28,"column":7}}],"line":24},"3":{"loc":{"start":{"line":35,"column":4},"end":{"line":41,"column":5}},"type":"if","locations":[{"start":{"line":35,"column":4},"end":{"line":41,"column":5}},{"start":{},"end":{}}],"line":35},"4":{"loc":{"start":{"line":51,"column":10},"end":{"line":51,"column":34}},"type":"cond-expr","locations":[{"start":{"line":51,"column":17},"end":{"line":51,"column":23}},{"start":{"line":51,"column":26},"end":{"line":51,"column":34}}],"line":51},"5":{"loc":{"start":{"line":111,"column":10},"end":{"line":111,"column":61}},"type":"cond-expr","locations":[{"start":{"line":111,"column":23},"end":{"line":111,"column":39}},{"start":{"line":111,"column":42},"end":{"line":111,"column":61}}],"line":111},"6":{"loc":{"start":{"line":114,"column":21},"end":{"line":114,"column":50}},"type":"cond-expr","locations":[{"start":{"line":114,"column":34},"end":{"line":114,"column":41}},{"start":{"line":114,"column":44},"end":{"line":114,"column":50}}],"line":114},"7":{"loc":{"start":{"line":119,"column":20},"end":{"line":119,"column":43}},"type":"cond-expr","locations":[{"start":{"line":119,"column":33},"end":{"line":119,"column":36}},{"start":{"line":119,"column":39},"end":{"line":119,"column":43}}],"line":119},"8":{"loc":{"start":{"line":150,"column":24},"end":{"line":150,"column":47}},"type":"cond-expr","locations":[{"start":{"line":150,"column":37},"end":{"line":150,"column":40}},{"start":{"line":150,"column":43},"end":{"line":150,"column":47}}],"line":150},"9":{"loc":{"start":{"line":168,"column":24},"end":{"line":168,"column":47}},"type":"cond-expr","locations":[{"start":{"line":168,"column":37},"end":{"line":168,"column":40}},{"start":{"line":168,"column":43},"end":{"line":168,"column":47}}],"line":168},"10":{"loc":{"start":{"line":186,"column":24},"end":{"line":186,"column":47}},"type":"cond-expr","locations":[{"start":{"line":186,"column":37},"end":{"line":186,"column":40}},{"start":{"line":186,"column":43},"end":{"line":186,"column":47}}],"line":186},"11":{"loc":{"start":{"line":205,"column":24},"end":{"line":205,"column":47}},"type":"cond-expr","locations":[{"start":{"line":205,"column":37},"end":{"line":205,"column":40}},{"start":{"line":205,"column":43},"end":{"line":205,"column":47}}],"line":205},"12":{"loc":{"start":{"line":229,"column":26},"end":{"line":229,"column":49}},"type":"cond-expr","locations":[{"start":{"line":229,"column":39},"end":{"line":229,"column":42}},{"start":{"line":229,"column":45},"end":{"line":229,"column":49}}],"line":229},"13":{"loc":{"start":{"line":250,"column":26},"end":{"line":250,"column":49}},"type":"cond-expr","locations":[{"start":{"line":250,"column":39},"end":{"line":250,"column":42}},{"start":{"line":250,"column":45},"end":{"line":250,"column":49}}],"line":250},"14":{"loc":{"start":{"line":271,"column":26},"end":{"line":271,"column":49}},"type":"cond-expr","locations":[{"start":{"line":271,"column":39},"end":{"line":271,"column":42}},{"start":{"line":271,"column":45},"end":{"line":271,"column":49}}],"line":271},"15":{"loc":{"start":{"line":292,"column":26},"end":{"line":292,"column":49}},"type":"cond-expr","locations":[{"start":{"line":292,"column":39},"end":{"line":292,"column":42}},{"start":{"line":292,"column":45},"end":{"line":292,"column":49}}],"line":292},"16":{"loc":{"start":{"line":315,"column":26},"end":{"line":315,"column":49}},"type":"cond-expr","locations":[{"start":{"line":315,"column":39},"end":{"line":315,"column":42}},{"start":{"line":315,"column":45},"end":{"line":315,"column":49}}],"line":315},"17":{"loc":{"start":{"line":336,"column":26},"end":{"line":336,"column":49}},"type":"cond-expr","locations":[{"start":{"line":336,"column":39},"end":{"line":336,"column":42}},{"start":{"line":336,"column":45},"end":{"line":336,"column":49}}],"line":336},"18":{"loc":{"start":{"line":361,"column":18},"end":{"line":361,"column":41}},"type":"cond-expr","locations":[{"start":{"line":361,"column":31},"end":{"line":361,"column":34}},{"start":{"line":361,"column":37},"end":{"line":361,"column":41}}],"line":361},"19":{"loc":{"start":{"line":363,"column":10},"end":{"line":363,"column":41}},"type":"cond-expr","locations":[{"start":{"line":363,"column":23},"end":{"line":363,"column":30}},{"start":{"line":363,"column":33},"end":{"line":363,"column":41}}],"line":363}},"s":{"0":5,"1":16,"2":16,"3":16,"4":16,"5":0,"6":0,"7":0,"8":16,"9":0,"10":0,"11":0,"12":0,"13":0,"14":16,"15":16,"16":16,"17":16,"18":16,"19":16},"f":{"0":16,"1":0,"2":0,"3":16,"4":16},"b":{"0":[0,0],"1":[0,0],"2":[0,0],"3":[16,0],"4":[16,0],"5":[0,16],"6":[0,16],"7":[0,16],"8":[0,16],"9":[0,16],"10":[0,16],"11":[0,16],"12":[0,16],"13":[0,16],"14":[0,16],"15":[0,16],"16":[0,16],"17":[0,16],"18":[0,16],"19":[0,16]},"_coverageSchema":"1a1c01bbd47fc00a2c39e90264f33305004495a9","hash":"e45e1b8f811c3e7f39df122792a901725b1e6f99"}
,"D:\\PROJEKTY\\PersonalSite\\PersonalSite\\src\\components\\Layout\\Layout.js": {"path":"D:\\PROJEKTY\\PersonalSite\\PersonalSite\\src\\components\\Layout\\Layout.js","statementMap":{"0":{"start":{"line":9,"column":22},"end":{"line":46,"column":1}},"1":{"start":{"line":10,"column":34},"end":{"line":10,"column":49}},"2":{"start":{"line":12,"column":2},"end":{"line":22,"column":9}},"3":{"start":{"line":13,"column":4},"end":{"line":21,"column":5}},"4":{"start":{"line":18,"column":6},"end":{"line":18,"column":24}},"5":{"start":{"line":20,"column":6},"end":{"line":20,"column":25}},"6":{"start":{"line":24,"column":28},"end":{"line":32,"column":3}},"7":{"start":{"line":25,"column":4},"end":{"line":31,"column":5}},"8":{"start":{"line":26,"column":6},"end":{"line":26,"column":35}},"9":{"start":{"line":27,"column":6},"end":{"line":27,"column":25}},"10":{"start":{"line":29,"column":6},"end":{"line":29,"column":34}},"11":{"start":{"line":30,"column":6},"end":{"line":30,"column":24}},"12":{"start":{"line":34,"column":24},"end":{"line":34,"column":65}},"13":{"start":{"line":35,"column":20},"end":{"line":35,"column":38}},"14":{"start":{"line":37,"column":2},"end":{"line":45,"column":4}}},"fnMap":{"0":{"name":"(anonymous_0)","decl":{"start":{"line":9,"column":22},"end":{"line":9,"column":23}},"loc":{"start":{"line":9,"column":40},"end":{"line":46,"column":1}},"line":9},"1":{"name":"(anonymous_1)","decl":{"start":{"line":12,"column":18},"end":{"line":12,"column":19}},"loc":{"start":{"line":12,"column":24},"end":{"line":22,"column":3}},"line":12},"2":{"name":"(anonymous_2)","decl":{"start":{"line":24,"column":28},"end":{"line":24,"column":29}},"loc":{"start":{"line":24,"column":34},"end":{"line":32,"column":3}},"line":24}},"branchMap":{"0":{"loc":{"start":{"line":13,"column":4},"end":{"line":21,"column":5}},"type":"if","locations":[{"start":{"line":13,"column":4},"end":{"line":21,"column":5}},{"start":{"line":19,"column":11},"end":{"line":21,"column":5}}],"line":13},"1":{"loc":{"start":{"line":14,"column":6},"end":{"line":16,"column":66}},"type":"binary-expr","locations":[{"start":{"line":14,"column":6},"end":{"line":14,"column":35}},{"start":{"line":15,"column":7},"end":{"line":15,"column":33}},{"start":{"line":16,"column":8},"end":{"line":16,"column":65}}],"line":14},"2":{"loc":{"start":{"line":25,"column":4},"end":{"line":31,"column":5}},"type":"if","locations":[{"start":{"line":25,"column":4},"end":{"line":31,"column":5}},{"start":{"line":28,"column":11},"end":{"line":31,"column":5}}],"line":25},"3":{"loc":{"start":{"line":34,"column":24},"end":{"line":34,"column":65}},"type":"cond-expr","locations":[{"start":{"line":34,"column":35},"end":{"line":34,"column":52}},{"start":{"line":34,"column":55},"end":{"line":34,"column":65}}],"line":34}},"s":{"0":4,"1":14,"2":14,"3":14,"4":0,"5":14,"6":14,"7":0,"8":0,"9":0,"10":0,"11":0,"12":14,"13":14,"14":14},"f":{"0":14,"1":14,"2":0},"b":{"0":[0,14],"1":[14,14,14],"2":[0,0],"3":[0,14]},"_coverageSchema":"1a1c01bbd47fc00a2c39e90264f33305004495a9","hash":"8e51afbd47eda4abbfe87b4dd6635960172e561c"}
,"D:\\PROJEKTY\\PersonalSite\\PersonalSite\\src\\components\\Typewriter\\Typewriter.js": {"path":"D:\\PROJEKTY\\PersonalSite\\PersonalSite\\src\\components\\Typewriter\\Typewriter.js","statementMap":{"0":{"start":{"line":5,"column":26},"end":{"line":46,"column":1}},"1":{"start":{"line":6,"column":30},"end":{"line":6,"column":42}},"2":{"start":{"line":8,"column":2},"end":{"line":32,"column":20}},"3":{"start":{"line":9,"column":12},"end":{"line":9,"column":14}},"4":{"start":{"line":10,"column":12},"end":{"line":10,"column":13}},"5":{"start":{"line":11,"column":12},"end":{"line":11,"column":33}},"6":{"start":{"line":13,"column":21},"end":{"line":30,"column":10}},"7":{"start":{"line":14,"column":6},"end":{"line":14,"column":10}},"8":{"start":{"line":15,"column":6},"end":{"line":17,"column":7}},"9":{"start":{"line":16,"column":8},"end":{"line":16,"column":58}},"10":{"start":{"line":16,"column":30},"end":{"line":16,"column":56}},"11":{"start":{"line":19,"column":6},"end":{"line":29,"column":7}},"12":{"start":{"line":20,"column":8},"end":{"line":20,"column":12}},"13":{"start":{"line":21,"column":8},"end":{"line":26,"column":9}},"14":{"start":{"line":22,"column":10},"end":{"line":22,"column":52}},"15":{"start":{"line":23,"column":10},"end":{"line":23,"column":17}},"16":{"start":{"line":24,"column":10},"end":{"line":24,"column":36}},"17":{"start":{"line":25,"column":10},"end":{"line":25,"column":17}},"18":{"start":{"line":28,"column":8},"end":{"line":28,"column":58}},"19":{"start":{"line":28,"column":30},"end":{"line":28,"column":56}},"20":{"start":{"line":31,"column":4},"end":{"line":31,"column":41}},"21":{"start":{"line":31,"column":17},"end":{"line":31,"column":40}},"22":{"start":{"line":34,"column":2},"end":{"line":45,"column":4}}},"fnMap":{"0":{"name":"(anonymous_0)","decl":{"start":{"line":5,"column":26},"end":{"line":5,"column":27}},"loc":{"start":{"line":5,"column":72},"end":{"line":46,"column":1}},"line":5},"1":{"name":"(anonymous_1)","decl":{"start":{"line":8,"column":12},"end":{"line":8,"column":13}},"loc":{"start":{"line":8,"column":18},"end":{"line":32,"column":3}},"line":8},"2":{"name":"(anonymous_2)","decl":{"start":{"line":13,"column":33},"end":{"line":13,"column":34}},"loc":{"start":{"line":13,"column":39},"end":{"line":30,"column":5}},"line":13},"3":{"name":"(anonymous_3)","decl":{"start":{"line":16,"column":18},"end":{"line":16,"column":19}},"loc":{"start":{"line":16,"column":30},"end":{"line":16,"column":56}},"line":16},"4":{"name":"(anonymous_4)","decl":{"start":{"line":28,"column":18},"end":{"line":28,"column":19}},"loc":{"start":{"line":28,"column":30},"end":{"line":28,"column":56}},"line":28},"5":{"name":"(anonymous_5)","decl":{"start":{"line":31,"column":11},"end":{"line":31,"column":12}},"loc":{"start":{"line":31,"column":17},"end":{"line":31,"column":40}},"line":31}},"branchMap":{"0":{"loc":{"start":{"line":5,"column":47},"end":{"line":5,"column":65}},"type":"default-arg","locations":[{"start":{"line":5,"column":61},"end":{"line":5,"column":65}}],"line":5},"1":{"loc":{"start":{"line":15,"column":6},"end":{"line":17,"column":7}},"type":"if","locations":[{"start":{"line":15,"column":6},"end":{"line":17,"column":7}},{"start":{},"end":{}}],"line":15},"2":{"loc":{"start":{"line":19,"column":6},"end":{"line":29,"column":7}},"type":"if","locations":[{"start":{"line":19,"column":6},"end":{"line":29,"column":7}},{"start":{},"end":{}}],"line":19},"3":{"loc":{"start":{"line":21,"column":8},"end":{"line":26,"column":9}},"type":"if","locations":[{"start":{"line":21,"column":8},"end":{"line":26,"column":9}},{"start":{},"end":{}}],"line":21},"4":{"loc":{"start":{"line":22,"column":14},"end":{"line":22,"column":51}},"type":"cond-expr","locations":[{"start":{"line":22,"column":44},"end":{"line":22,"column":45}},{"start":{"line":22,"column":48},"end":{"line":22,"column":51}}],"line":22},"5":{"loc":{"start":{"line":37,"column":9},"end":{"line":37,"column":52}},"type":"cond-expr","locations":[{"start":{"line":37,"column":22},"end":{"line":37,"column":47}},{"start":{"line":37,"column":50},"end":{"line":37,"column":52}}],"line":37}},"s":{"0":2,"1":39,"2":39,"3":18,"4":18,"5":18,"6":18,"7":19070,"8":19070,"9":3216,"10":3216,"11":19070,"12":3129,"13":3129,"14":250,"15":250,"16":250,"17":250,"18":2879,"19":2879,"20":18,"21":18,"22":39},"f":{"0":39,"1":18,"2":19070,"3":3216,"4":2879,"5":18},"b":{"0":[4],"1":[3216,15854],"2":[3129,15941],"3":[250,2879],"4":[73,177],"5":[6,33]},"_coverageSchema":"1a1c01bbd47fc00a2c39e90264f33305004495a9","hash":"4d588de33d081425edf28ab0a468a3c7c131c0da"}
,"D:\\PROJEKTY\\PersonalSite\\PersonalSite\\src\\data\\stack.js": {"path":"D:\\PROJEKTY\\PersonalSite\\PersonalSite\\src\\data\\stack.js","statementMap":{"0":{"start":{"line":32,"column":21},"end":{"line":183,"column":1}}},"fnMap":{},"branchMap":{},"s":{"0":1},"f":{},"b":{},"_coverageSchema":"1a1c01bbd47fc00a2c39e90264f33305004495a9","hash":"3ed75cf04d89d91d44c13ea1627064a24f619253"}
,"D:\\PROJEKTY\\PersonalSite\\PersonalSite\\src\\hooks\\use-site-metadata.js": {"path":"D:\\PROJEKTY\\PersonalSite\\PersonalSite\\src\\hooks\\use-site-metadata.js","statementMap":{"0":{"start":{"line":2,"column":31},"end":{"line":15,"column":1}},"1":{"start":{"line":3,"column":15},"end":{"line":13,"column":4}},"2":{"start":{"line":14,"column":2},"end":{"line":14,"column":32}}},"fnMap":{"0":{"name":"(anonymous_0)","decl":{"start":{"line":2,"column":31},"end":{"line":2,"column":32}},"loc":{"start":{"line":2,"column":37},"end":{"line":15,"column":1}},"line":2}},"branchMap":{},"s":{"0":3,"1":0,"2":0},"f":{"0":0},"b":{},"_coverageSchema":"1a1c01bbd47fc00a2c39e90264f33305004495a9","hash":"dcfae4f63619dfd4983219f0a138186709815b2b"}
,"D:\\PROJEKTY\\PersonalSite\\PersonalSite\\src\\pages\\404.js": {"path":"D:\\PROJEKTY\\PersonalSite\\PersonalSite\\src\\pages\\404.js","statementMap":{"0":{"start":{"line":6,"column":21},"end":{"line":27,"column":1}},"1":{"start":{"line":7,"column":2},"end":{"line":26,"column":4}},"2":{"start":{"line":31,"column":20},"end":{"line":31,"column":68}},"3":{"start":{"line":31,"column":26},"end":{"line":31,"column":68}}},"fnMap":{"0":{"name":"(anonymous_0)","decl":{"start":{"line":6,"column":21},"end":{"line":6,"column":22}},"loc":{"start":{"line":6,"column":27},"end":{"line":27,"column":1}},"line":6},"1":{"name":"(anonymous_1)","decl":{"start":{"line":31,"column":20},"end":{"line":31,"column":21}},"loc":{"start":{"line":31,"column":26},"end":{"line":31,"column":68}},"line":31}},"branchMap":{},"s":{"0":1,"1":4,"2":1,"3":0},"f":{"0":4,"1":0},"b":{},"_coverageSchema":"1a1c01bbd47fc00a2c39e90264f33305004495a9","hash":"eb75ce8f1c40d76c136ffcdc3da6d0dd6d61b900"}
,"D:\\PROJEKTY\\PersonalSite\\PersonalSite\\src\\pages\\index.js": {"path":"D:\\PROJEKTY\\PersonalSite\\PersonalSite\\src\\pages\\index.js","statementMap":{"0":{"start":{"line":9,"column":18},"end":{"line":39,"column":1}},"1":{"start":{"line":10,"column":20},"end":{"line":16,"column":3}},"2":{"start":{"line":18,"column":2},"end":{"line":38,"column":4}},"3":{"start":{"line":43,"column":20},"end":{"line":43,"column":33}},"4":{"start":{"line":43,"column":26},"end":{"line":43,"column":33}}},"fnMap":{"0":{"name":"(anonymous_0)","decl":{"start":{"line":9,"column":18},"end":{"line":9,"column":19}},"loc":{"start":{"line":9,"column":24},"end":{"line":39,"column":1}},"line":9},"1":{"name":"(anonymous_1)","decl":{"start":{"line":43,"column":20},"end":{"line":43,"column":21}},"loc":{"start":{"line":43,"column":26},"end":{"line":43,"column":33}},"line":43}},"branchMap":{},"s":{"0":1,"1":4,"2":4,"3":1,"4":0},"f":{"0":4,"1":0},"b":{},"_coverageSchema":"1a1c01bbd47fc00a2c39e90264f33305004495a9","hash":"f1a72e3002271124299996d98a9322e1f5478d94"}
,"D:\\PROJEKTY\\PersonalSite\\PersonalSite\\src\\pages\\stack.js": {"path":"D:\\PROJEKTY\\PersonalSite\\PersonalSite\\src\\pages\\stack.js","statementMap":{"0":{"start":{"line":7,"column":18},"end":{"line":46,"column":1}},"1":{"start":{"line":8,"column":23},"end":{"line":15,"column":3}},"2":{"start":{"line":9,"column":4},"end":{"line":12,"column":5}},"3":{"start":{"line":9,"column":17},"end":{"line":9,"column":33}},"4":{"start":{"line":10,"column":16},"end":{"line":10,"column":51}},"5":{"start":{"line":11,"column":6},"end":{"line":11,"column":50}},"6":{"start":{"line":14,"column":4},"end":{"line":14,"column":17}},"7":{"start":{"line":17,"column":23},"end":{"line":17,"column":55}},"8":{"start":{"line":19,"column":2},"end":{"line":45,"column":4}},"9":{"start":{"line":29,"column":12},"end":{"line":40,"column":16}},"10":{"start":{"line":50,"column":20},"end":{"line":52,"column":1}},"11":{"start":{"line":51,"column":2},"end":{"line":51,"column":78}}},"fnMap":{"0":{"name":"(anonymous_0)","decl":{"start":{"line":7,"column":18},"end":{"line":7,"column":19}},"loc":{"start":{"line":7,"column":24},"end":{"line":46,"column":1}},"line":7},"1":{"name":"(anonymous_1)","decl":{"start":{"line":8,"column":23},"end":{"line":8,"column":24}},"loc":{"start":{"line":8,"column":34},"end":{"line":15,"column":3}},"line":8},"2":{"name":"(anonymous_2)","decl":{"start":{"line":28,"column":28},"end":{"line":28,"column":29}},"loc":{"start":{"line":29,"column":12},"end":{"line":40,"column":16}},"line":29},"3":{"name":"(anonymous_3)","decl":{"start":{"line":50,"column":20},"end":{"line":50,"column":21}},"loc":{"start":{"line":51,"column":2},"end":{"line":51,"column":78}},"line":51}},"branchMap":{"0":{"loc":{"start":{"line":17,"column":23},"end":{"line":17,"column":55}},"type":"cond-expr","locations":[{"start":{"line":17,"column":31},"end":{"line":17,"column":50}},{"start":{"line":17,"column":53},"end":{"line":17,"column":55}}],"line":17}},"s":{"0":1,"1":4,"2":4,"3":4,"4":116,"5":116,"6":4,"7":4,"8":4,"9":120,"10":1,"11":0},"f":{"0":4,"1":4,"2":120,"3":0},"b":{"0":[4,0]},"_coverageSchema":"1a1c01bbd47fc00a2c39e90264f33305004495a9","hash":"6ae6c44f595de4bfbcfceadce8c00800c385de17"}
}
