TN:
SF:src\components\Seo.js
FN:5,(anonymous_0)
FNF:1
FNH:0
FNDA:0,(anonymous_0)
DA:5,3
DA:12,0
DA:13,0
DA:20,0
LF:4
LH:1
BRDA:14,0,0,0
BRDA:14,0,1,0
BRDA:15,1,0,0
BRDA:15,1,1,0
BRDA:17,2,0,0
BRDA:17,2,1,0
BRF:6
BRH:0
end_of_record
TN:
SF:src\components\Dots\Dots.js
FN:4,(anonymous_0)
FNF:1
FNH:1
FNDA:11,(anonymous_0)
DA:4,3
DA:5,11
DA:13,11
DA:18,11
LF:4
LH:4
BRF:0
BRH:0
end_of_record
TN:
SF:src\components\Header\Header.js
FN:8,(anonymous_0)
FN:14,(anonymous_1)
FN:22,(anonymous_2)
FN:34,(anonymous_3)
FN:38,(anonymous_4)
FNF:5
FNH:3
FNDA:16,(anonymous_0)
FNDA:0,(anonymous_1)
FNDA:0,(anonymous_2)
FNDA:16,(anonymous_3)
FNDA:16,(anonymous_4)
DA:8,5
DA:9,16
DA:11,16
DA:12,16
DA:14,16
DA:15,0
DA:16,0
DA:18,0
DA:22,16
DA:23,0
DA:24,0
DA:25,0
DA:27,0
DA:30,0
DA:34,16
DA:35,16
DA:36,16
DA:38,16
DA:39,16
DA:46,16
LF:20
LH:12
BRDA:15,0,0,0
BRDA:15,0,1,0
BRDA:23,1,0,0
BRDA:23,1,1,0
BRDA:24,2,0,0
BRDA:24,2,1,0
BRDA:35,3,0,16
BRDA:35,3,1,0
BRDA:51,4,0,16
BRDA:51,4,1,0
BRDA:111,5,0,0
BRDA:111,5,1,16
BRDA:114,6,0,0
BRDA:114,6,1,16
BRDA:119,7,0,0
BRDA:119,7,1,16
BRDA:150,8,0,0
BRDA:150,8,1,16
BRDA:168,9,0,0
BRDA:168,9,1,16
BRDA:186,10,0,0
BRDA:186,10,1,16
BRDA:205,11,0,0
BRDA:205,11,1,16
BRDA:229,12,0,0
BRDA:229,12,1,16
BRDA:250,13,0,0
BRDA:250,13,1,16
BRDA:271,14,0,0
BRDA:271,14,1,16
BRDA:292,15,0,0
BRDA:292,15,1,16
BRDA:315,16,0,0
BRDA:315,16,1,16
BRDA:336,17,0,0
BRDA:336,17,1,16
BRDA:361,18,0,0
BRDA:361,18,1,16
BRDA:363,19,0,0
BRDA:363,19,1,16
BRF:40
BRH:17
end_of_record
TN:
SF:src\components\Layout\Layout.js
FN:9,(anonymous_0)
FN:12,(anonymous_1)
FN:24,(anonymous_2)
FNF:3
FNH:2
FNDA:14,(anonymous_0)
FNDA:14,(anonymous_1)
FNDA:0,(anonymous_2)
DA:9,4
DA:10,14
DA:12,14
DA:13,14
DA:18,0
DA:20,14
DA:24,14
DA:25,0
DA:26,0
DA:27,0
DA:29,0
DA:30,0
DA:34,14
DA:35,14
DA:37,14
LF:15
LH:9
BRDA:13,0,0,0
BRDA:13,0,1,14
BRDA:14,1,0,14
BRDA:14,1,1,14
BRDA:14,1,2,14
BRDA:25,2,0,0
BRDA:25,2,1,0
BRDA:34,3,0,0
BRDA:34,3,1,14
BRF:9
BRH:5
end_of_record
TN:
SF:src\components\Typewriter\Typewriter.js
FN:5,(anonymous_0)
FN:8,(anonymous_1)
FN:13,(anonymous_2)
FN:16,(anonymous_3)
FN:28,(anonymous_4)
FN:31,(anonymous_5)
FNF:6
FNH:6
FNDA:39,(anonymous_0)
FNDA:18,(anonymous_1)
FNDA:19070,(anonymous_2)
FNDA:3216,(anonymous_3)
FNDA:2879,(anonymous_4)
FNDA:18,(anonymous_5)
DA:5,2
DA:6,39
DA:8,39
DA:9,18
DA:10,18
DA:11,18
DA:13,18
DA:14,19070
DA:15,19070
DA:16,3216
DA:19,19070
DA:20,3129
DA:21,3129
DA:22,250
DA:23,250
DA:24,250
DA:25,250
DA:28,2879
DA:31,18
DA:34,39
LF:20
LH:20
BRDA:5,0,0,4
BRDA:15,1,0,3216
BRDA:15,1,1,15854
BRDA:19,2,0,3129
BRDA:19,2,1,15941
BRDA:21,3,0,250
BRDA:21,3,1,2879
BRDA:22,4,0,73
BRDA:22,4,1,177
BRDA:37,5,0,6
BRDA:37,5,1,33
BRF:11
BRH:11
end_of_record
TN:
SF:src\data\stack.js
FNF:0
FNH:0
DA:32,1
LF:1
LH:1
BRF:0
BRH:0
end_of_record
TN:
SF:src\hooks\use-site-metadata.js
FN:2,(anonymous_0)
FNF:1
FNH:0
FNDA:0,(anonymous_0)
DA:2,3
DA:3,0
DA:14,0
LF:3
LH:1
BRF:0
BRH:0
end_of_record
TN:
SF:src\pages\404.js
FN:6,(anonymous_0)
FN:31,(anonymous_1)
FNF:2
FNH:1
FNDA:4,(anonymous_0)
FNDA:0,(anonymous_1)
DA:6,1
DA:7,4
DA:31,1
LF:3
LH:3
BRF:0
BRH:0
end_of_record
TN:
SF:src\pages\index.js
FN:9,(anonymous_0)
FN:43,(anonymous_1)
FNF:2
FNH:1
FNDA:4,(anonymous_0)
FNDA:0,(anonymous_1)
DA:9,1
DA:10,4
DA:18,4
DA:43,1
LF:4
LH:4
BRF:0
BRH:0
end_of_record
TN:
SF:src\pages\stack.js
FN:7,(anonymous_0)
FN:8,(anonymous_1)
FN:28,(anonymous_2)
FN:50,(anonymous_3)
FNF:4
FNH:3
FNDA:4,(anonymous_0)
FNDA:4,(anonymous_1)
FNDA:120,(anonymous_2)
FNDA:0,(anonymous_3)
DA:7,1
DA:8,4
DA:9,4
DA:10,116
DA:11,116
DA:14,4
DA:17,4
DA:19,4
DA:29,120
DA:50,1
DA:51,0
LF:11
LH:10
BRDA:17,0,0,4
BRDA:17,0,1,0
BRF:2
BRH:1
end_of_record
